<?xml version="1.0" encoding="UTF-8"?>
<!-- Generated by org.testng.reporters.JUnitReportReporter -->
<testsuite skipped="0" hostname="SYED" name="Script.Validlogin" tests="2" failures="0" timestamp="21 May 2020 06:08:44 GMT" time="40.064" errors="0">
  <testcase name="testvalidlogin" time="15.410" classname="Script.Validlogin"/>
  <testcase name="testvalidlogin" time="24.654" classname="Script.Validlogin"/>
</testsuite> <!-- Script.Validlogin -->
