<?xml version="1.0" encoding="UTF-8"?>
<!-- Generated by org.testng.reporters.JUnitReportReporter -->
<testsuite skipped="0" hostname="SYED" name="Script.Validlogin" tests="2" failures="0" timestamp="22 May 2020 10:26:37 GMT" time="77.658" errors="0">
  <testcase name="testvalidlogin" time="25.446" classname="Script.Validlogin"/>
  <testcase name="testvalidlogin" time="52.212" classname="Script.Validlogin"/>
</testsuite> <!-- Script.Validlogin -->
