<?xml version="1.0" encoding="UTF-8"?>
<!-- Generated by org.testng.reporters.JUnitReportReporter -->
<testsuite hostname="SYED" name="Script.TC08_ValidateDiscoverDollarCareer_page" tests="1" failures="0" timestamp="21 Jun 2020 07:26:32 GMT" time="33.993" errors="0">
  <testcase name="validate_CareerPage" time="33.993" classname="Script.TC08_ValidateDiscoverDollarCareer_page"/>
</testsuite> <!-- Script.TC08_ValidateDiscoverDollarCareer_page -->
