<?xml version="1.0" encoding="UTF-8"?>
<!-- Generated by org.testng.reporters.JUnitReportReporter -->
<testsuite hostname="SYED" name="Script.TC02_ValidateDiscoverDollar_External_links" tests="1" failures="0" timestamp="21 Jun 2020 04:45:27 GMT" time="40.314" errors="0">
  <testcase name="ValidateExternallink" time="40.314" classname="Script.TC02_ValidateDiscoverDollar_External_links"/>
</testsuite> <!-- Script.TC02_ValidateDiscoverDollar_External_links -->
