<?xml version="1.0" encoding="UTF-8"?>
<!-- Generated by org.testng.reporters.JUnitReportReporter -->
<testsuite hostname="SYED" name="Script.TC01_Validate_DiscoverDollar_UI" tests="1" failures="0" timestamp="21 Jun 2020 04:45:27 GMT" time="33.904" errors="0">
  <testcase name="ValidateHomepage" time="33.904" classname="Script.TC01_Validate_DiscoverDollar_UI"/>
</testsuite> <!-- Script.TC01_Validate_DiscoverDollar_UI -->
