<?xml version="1.0" encoding="UTF-8"?>
<!-- Generated by org.testng.reporters.JUnitReportReporter -->
<testsuite skipped="0" hostname="SYED" name="Script.Validlogin" tests="1" failures="0" timestamp="20 May 2020 01:13:52 GMT" time="9.183" errors="0">
  <testcase name="testvalidlogin" time="9.183" classname="Script.Validlogin"/>
</testsuite> <!-- Script.Validlogin -->
