<?xml version="1.0" encoding="UTF-8"?>
<!-- Generated by org.testng.reporters.JUnitReportReporter -->
<testsuite hostname="SYED" name="Script.TC07_ValidateDiscoverDollarContact_page" tests="1" failures="0" timestamp="21 Jun 2020 06:29:00 GMT" time="53.767" errors="0">
  <testcase name="Validate_Contactpage" time="53.767" classname="Script.TC07_ValidateDiscoverDollarContact_page"/>
</testsuite> <!-- Script.TC07_ValidateDiscoverDollarContact_page -->
