<?xml version="1.0" encoding="UTF-8"?>
<!-- Generated by org.testng.reporters.JUnitReportReporter -->
<testsuite hostname="SYED" name="Script.TC03_ValidateDiscoverDollar_feedback" tests="1" failures="0" timestamp="21 Jun 2020 04:45:27 GMT" time="40.345" errors="0">
  <testcase name="Validate_Feedbackpage" time="40.345" classname="Script.TC03_ValidateDiscoverDollar_feedback"/>
</testsuite> <!-- Script.TC03_ValidateDiscoverDollar_feedback -->
